=== 获取 sz000001 各周期K线数据 ===
当前时间: 2026-01-13 10:01:00

连接成功！

【1分钟K线】
共 800 条，最近5条:
  1. 2026-01-13 09:58:00 开:11.51 高:11.51 低:11.50 收:11.50 量:4364 额:5022572
  2. 2026-01-13 09:59:00 开:11.50 高:11.51 低:11.50 收:11.50 量:9277 额:10668942
  3. 2026-01-13 10:00:00 开:11.50 高:11.51 低:11.50 收:11.50 量:3293 额:3787523
  4. 2026-01-13 10:01:00 开:11.50 高:11.50 低:11.49 收:11.49 量:6400 额:7358394
  5. 2026-01-13 10:02:00 开:11.49 高:11.49 低:11.49 收:11.49 量:53 额:60940

【5分钟K线】
共 800 条，最近5条:
  1. 2026-01-13 09:45:00 开:11.47 高:11.50 低:11.46 收:11.50 量:54982 额:63130320
  2. 2026-01-13 09:50:00 开:11.50 高:11.52 低:11.49 收:11.51 量:48727 额:56083712
  3. 2026-01-13 09:55:00 开:11.52 高:11.52 低:11.50 收:11.50 量:33568 额:38631720
  4. 2026-01-13 10:00:00 开:11.50 高:11.52 低:11.50 收:11.50 量:45128 额:51923060
  5. 2026-01-13 10:05:00 开:11.50 高:11.50 低:11.49 收:11.49 量:6453 额:7419334

【15分钟K线】
共 800 条，最近5条:
  1. 2026-01-12 14:45:00 开:11.48 高:11.48 低:11.46 收:11.47 量:48873 额:56071628
  2. 2026-01-12 15:00:00 开:11.47 高:11.48 低:11.45 收:11.48 量:84237 额:96615152
  3. 2026-01-13 09:45:00 开:11.48 高:11.51 低:11.46 收:11.50 量:179270 额:205930064
  4. 2026-01-13 10:00:00 开:11.50 高:11.52 低:11.49 收:11.50 量:127423 额:146638480
  5. 2026-01-13 10:15:00 开:11.50 高:11.50 低:11.49 收:11.49 量:6453 额:7419334

【30分钟K线】
共 800 条，最近5条:
  1. 2026-01-12 14:00:00 开:11.49 高:11.49 低:11.46 收:11.48 量:84217 额:96607664
  2. 2026-01-12 14:30:00 开:11.48 高:11.48 低:11.46 收:11.47 量:101727 额:116661888
  3. 2026-01-12 15:00:00 开:11.48 高:11.48 低:11.45 收:11.48 量:133110 额:152686784
  4. 2026-01-13 10:00:00 开:11.48 高:11.52 低:11.46 收:11.50 量:306693 额:352568576
  5. 2026-01-13 10:30:00 开:11.50 高:11.50 低:11.49 收:11.49 量:6453 额:7419334

【60分钟K线（小时线）】
共 800 条，最近5条:
  1. 2026-01-12 10:30:00 开:11.45 高:11.47 低:11.42 收:11.43 量:290550 额:332399232
  2. 2026-01-12 11:30:00 开:11.44 高:11.46 低:11.43 收:11.45 量:137094 额:156878752
  3. 2026-01-12 14:00:00 开:11.46 高:11.49 低:11.45 收:11.48 量:192732 额:221073552
  4. 2026-01-12 15:00:00 开:11.48 高:11.48 低:11.45 收:11.48 量:234837 额:269348672
  5. 2026-01-13 10:30:00 开:11.48 高:11.52 低:11.46 收:11.49 量:313146 额:359987904

【日K线（全部）】
共 8290 条，最近5条:
  1. 2026-01-07 15:00:00 开:11.66 高:11.82 低:11.62 收:11.64 量:966236 额:1131165696
  2. 2026-01-08 15:00:00 开:11.64 高:11.65 低:11.49 收:11.51 量:1100085 额:1268647296
  3. 2026-01-09 15:00:00 开:11.53 高:11.53 低:11.44 收:11.46 量:983390 额:1128076544
  4. 2026-01-12 15:00:00 开:11.45 高:11.49 低:11.42 收:11.48 量:855212 额:979700160
  5. 2026-01-13 15:00:00 开:11.48 高:11.52 低:11.46 收:11.49 量:313146 额:359987904

【周K线】
共 800 条，最近5条:
  1. 2025-12-19 15:00:00 开:11.34 高:11.65 低:11.33 收:11.62 量:3730032 额:4302520320
  2. 2025-12-26 15:00:00 开:11.61 高:11.62 低:11.49 收:11.54 量:2897673 额:3347589632
  3. 2025-12-31 15:00:00 开:11.54 高:11.62 低:11.40 收:11.41 量:1821500 额:2093949696
  4. 2026-01-09 15:00:00 开:11.42 高:11.82 低:11.41 收:11.46 量:5229851 额:6044280832
  5. 2026-01-13 15:00:00 开:11.45 高:11.52 低:11.42 收:11.49 量:1168358 额:1339688064

【月K线】
共 416 条，最近5条:
  1. 2025-09-30 15:00:00 开:12.05 高:12.05 低:11.27 收:11.34 量:22468122 额:26152615936
  2. 2025-10-31 15:00:00 开:11.33 高:11.71 低:11.26 收:11.32 量:18562636 额:21257697280
  3. 2025-11-28 15:00:00 开:11.34 高:11.99 低:11.30 收:11.61 量:20868136 额:24342759424
  4. 2025-12-31 15:00:00 开:11.60 高:11.73 低:11.29 收:11.41 量:17727122 额:20407642112
  5. 2026-01-13 15:00:00 开:11.42 高:11.82 低:11.41 收:11.49 量:6398210 额:7383968768

【季K线】
共 140 条，最近5条:
  1. 2025-03-31 15:00:00 开:11.73 高:12.00 低:11.08 收:11.26 量:63991148 额:73718530048
  2. 2025-06-30 15:00:00 开:11.27 高:12.58 低:10.48 收:12.07 量:63721616 额:73033973760
  3. 2025-09-30 15:00:00 开:12.06 高:13.33 低:11.27 收:11.34 量:84348440 额:103195631616
  4. 2025-12-31 15:00:00 开:11.33 高:11.99 低:11.26 收:11.41 量:57157896 额:66008104960
  5. 2026-01-13 15:00:00 开:11.42 高:11.82 低:11.41 收:11.49 量:6398210 额:7383968768

【年K线】
共 36 条，最近5条:
  1. 2022-12-30 15:00:00 开:16.48 高:17.56 低:10.22 收:13.16 量:277482144 额:385903722496
  2. 2023-12-29 15:00:00 开:13.20 高:15.74 低:8.99 收:9.39 量:221392896 额:267732189184
  3. 2024-12-31 15:00:00 开:9.39 高:13.43 低:8.96 收:11.70 量:343189920 额:369850056704
  4. 2025-12-31 15:00:00 开:11.73 高:13.33 低:10.48 收:11.41 量:269219072 额:315956232192
  5. 2026-01-13 15:00:00 开:11.42 高:11.82 低:11.41 收:11.49 量:6398210 额:7383968768

=== 完成 ===
 *  Terminal will be reused by tasks, press any key to close it. 